<?xml version="1.0" encoding="UTF-8"?>
<!-- Generated by org.testng.reporters.JUnitReportReporter -->
<testsuite hostname="LAPTOP-LIQ39GJJ" failures="0" tests="2" name="interviewProgramss.CountChar" time="0.016" errors="0" timestamp="2023-11-30T14:00:20 IST" skipped="0">
  <testcase classname="interviewProgramss.CountChar" name="one" time="0.014"/>
  <testcase classname="interviewProgramss.CountChar" name="two" time="0.002"/>
</testsuite> <!-- interviewProgramss.CountChar -->
