<?xml version="1.0" encoding="UTF-8"?>
<!-- Generated by org.testng.reporters.JUnitReportReporter -->
<testsuite hostname="LAPTOP-LIQ39GJJ" failures="0" tests="4" name="asses.ApiTest" time="5.089" errors="0" timestamp="2024-03-21T16:48:19 IST" skipped="0">
  <testcase classname="asses.ApiTest" name="testDeleteRequest" time="2.664"/>
  <testcase classname="asses.ApiTest" name="testGetRequest" time="0.812"/>
  <testcase classname="asses.ApiTest" name="testPostRequest" time="0.813"/>
  <testcase classname="asses.ApiTest" name="testPutRequest" time="0.800"/>
</testsuite> <!-- asses.ApiTest -->
