<?xml version="1.0" encoding="UTF-8"?>
<!-- Generated by org.testng.reporters.JUnitReportReporter -->
<testsuite hostname="LAPTOP-LIQ39GJJ" failures="0" tests="4" name="Assesment.ApiCrudTest" time="7.297" errors="0" timestamp="2024-03-21T15:13:15 IST" skipped="0">
  <testcase classname="Assesment.ApiCrudTest" name="testGetRequest" time="1.231"/>
  <testcase classname="Assesment.ApiCrudTest" name="testDeleteRequest" time="3.153"/>
  <testcase classname="Assesment.ApiCrudTest" name="testPutRequest" time="1.338"/>
  <testcase classname="Assesment.ApiCrudTest" name="testPostRequest" time="1.575"/>
</testsuite> <!-- Assesment.ApiCrudTest -->
